Change Component Designator: OldDesignator=R1 NewDesignator=R7
Change Component Designator: OldDesignator=R2 NewDesignator=R8
Change Component Designator: OldDesignator=R3 NewDesignator=R9
Change Component Designator: OldDesignator=R4 NewDesignator=R10
Change Component Designator: OldDesignator=R5 NewDesignator=R11
Added Component: Designator=R1(RES1206)
Added Component: Designator=R2(RES1206)
Added Component: Designator=R3(RES1206)
Added Component: Designator=R4(RES1206)
Added Component: Designator=R5(RES1206)
Added Component: Designator=R6(RES1206)
Add Pin To Net: Unknown Pin: Pin P1-1
Added Pin To Net: NetName=LED_R Pin=R1-1
Added Pin To Net: NetName=LED_G Pin=R2-2
Added Pin To Net: NetName=LED_B Pin=R3-2
Add Pin To Net: Unknown Pin: Pin T1-2
Add Pin To Net: Unknown Pin: Pin T1-3
Add Pin To Net: Unknown Pin: Pin T2-2
Add Pin To Net: Unknown Pin: Pin T2-3
Add Pin To Net: Unknown Pin: Pin T3-2
Add Pin To Net: Unknown Pin: Pin T3-3
Change Net Name : Old Net Name=NetR3_1 New Net Name=NetR9_1
Change Net Name : Old Net Name=NetR4_1 New Net Name=NetR10_1
Added Pin To Net: NetName=NetR1_2 Pin=R1-2
Added Pin To Net: NetName=NetR1_2 Pin=R4-1
Added Net: Name=NetR1_2
Added Pin To Net: NetName=NetR2_1 Pin=R2-1
Added Pin To Net: NetName=NetR2_1 Pin=R5-1
Added Net: Name=NetR2_1
Added Pin To Net: NetName=NetR3_1 Pin=R3-1
Added Pin To Net: NetName=NetR3_1 Pin=R6-1
Added Net: Name=NetR3_1
Add Class Member: Failed to add class member : Component P1 Touch
Added Member To Class: ClassName=LED Control Board Member=Component R6 RES
Added Member To Class: ClassName=LED Control Board Member=Component R7 RES
Added Member To Class: ClassName=LED Control Board Member=Component R8 RES
Added Member To Class: ClassName=LED Control Board Member=Component R9 RES
Added Member To Class: ClassName=LED Control Board Member=Component R10 RES
Added Member To Class: ClassName=LED Control Board Member=Component R11 RES
Add Class Member: Failed to add class member : Component T1 AO3400A
Add Class Member: Failed to add class member : Component T2 AO3400A
Add Class Member: Failed to add class member : Component T3 AO3400A
Added Room: Name=LED Control Board
